#
# A fatal error has been detected by the Java Runtime Environment:
#
#  EXCEPTION_ACCESS_VIOLATION (0xc0000005) at pc=0x00007ffe3e718598, pid=39532, tid=0x000000000000a6b8
#
# JRE version: Java(TM) SE Runtime Environment (8.0_221-b11) (build 1.8.0_221-b11)
# Java VM: Java HotSpot(TM) 64-Bit Server VM (25.221-b11 mixed mode windows-amd64 compressed oops)
# Problematic frame:
# C  [nvoglv64.dll+0xfe8598]
#
# Failed to write core dump. Minidumps are not enabled by default on client versions of Windows
#
# If you would like to submit a bug report, please visit:
#   http://bugreport.java.com/bugreport/crash.jsp
# The crash happened outside the Java Virtual Machine in native code.
# See problematic frame for where to report the bug.
#

---------------  T H R E A D  ---------------

Current thread (0x0000000029aaf000):  JavaThread "GAME LOOP THREAD | CCraft" [_thread_in_native, id=42680, stack(0x000000002a4c0000,0x000000002a5c0000)]

siginfo: ExceptionCode=0xc0000005, reading address 0x0000000000000000

Registers:
RAX=0x000000002ca1670c, RBX=0x000000002ca166f0, RCX=0x00007ffe3e718598, RDX=0x0000000000000000
RSP=0x000000002a5bed68, RBP=0x0000000000000030, RSI=0x0000000000000001, RDI=0x000000002c267080
R8 =0x0000000000000004, R9 =0x00007ffe3d730000, R10=0x0000000000000000, R11=0x000000002ca1670c
R12=0x0000000000000004, R13=0x0000000000001405, R14=0x0000000000000000, R15=0x0000000029aaf000
RIP=0x00007ffe3e718598, EFLAGS=0x0000000000010202

Top of Stack: (sp=0x000000002a5bed68)
0x000000002a5bed68:   00007ffe3ddf40ac 0000000029a61120
0x000000002a5bed78:   00000000559bc336 000000002a5bf4f8
0x000000002a5bed88:   0000000027dd5a80 00000000000003d8
0x000000002a5bed98:   0000000027dd5a90 0000000034422aa0
0x000000002a5beda8:   0000000029aaf000 0000000034422aa0
0x000000002a5bedb8:   0000000029aaf000 00000000032f835d
0x000000002a5bedc8:   0000000003308ad7 000000002a5beed0
0x000000002a5bedd8:   0000000034422aa0 0000000000000000
0x000000002a5bede8:   00000000032f835d 000000002369d2e5
0x000000002a5bedf8:   0000000003308c67 000000002a5bee90
0x000000002a5bee08:   0000000000000004 0000000029aaf000
0x000000002a5bee18:   0000000034422aa0 0000000000001405
0x000000002a5bee28:   0000000000000000 000000002369d2e5
0x000000002a5bee38:   0000000029aaf000 000000002a5bef48
0x000000002a5bee48:   0000000003308962 000000002a5bee50
0x000000002a5bee58:   0000000034422aa0 000000002a5beed0 

Instructions: (pc=0x00007ffe3e718598)
0x00007ffe3e718578:   02 f3 0f 7f 00 c3 66 90 4c 8b 02 0f b7 4a 08 44
0x00007ffe3e718588:   0f b6 4a 0a 4c 89 00 66 89 48 08 44 88 48 0a c3
0x00007ffe3e718598:   8b 0a 89 08 c3 0f 1f 00 8b 0a 44 0f b6 42 04 89
0x00007ffe3e7185a8:   08 44 88 40 04 c3 66 90 8b 0a 44 0f b7 42 04 89 


Register to memory mapping:

RAX=0x000000002ca1670c is an unknown value
RBX=0x000000002ca166f0 is an unknown value
RCX=0x00007ffe3e718598 is an unknown value
RDX=0x0000000000000000 is an unknown value
RSP=0x000000002a5bed68 is pointing into the stack for thread: 0x0000000029aaf000
RBP=0x0000000000000030 is an unknown value
RSI=0x0000000000000001 is an unknown value
RDI=0x000000002c267080 is an unknown value
R8 =0x0000000000000004 is an unknown value
R9 =0x00007ffe3d730000 is an unknown value
R10=0x0000000000000000 is an unknown value
R11=0x000000002ca1670c is an unknown value
R12=0x0000000000000004 is an unknown value
R13=0x0000000000001405 is an unknown value
R14=0x0000000000000000 is an unknown value
R15=0x0000000029aaf000 is a thread


Stack: [0x000000002a4c0000,0x000000002a5c0000],  sp=0x000000002a5bed68,  free space=1019k
Native frames: (J=compiled Java code, j=interpreted, Vv=VM code, C=native code)
C  [nvoglv64.dll+0xfe8598]
C  [nvoglv64.dll+0x6c40ac]
C  0x0000000003308c67

Java frames: (J=compiled Java code, j=interpreted, Vv=VM code)
j  org.lwjgl.opengl.GL11C.nglDrawElements(IIIJ)V+0
j  org.lwjgl.opengl.GL11C.glDrawElements(IIIJ)V+4
j  org.lwjgl.opengl.GL11.glDrawElements(IIIJ)V+4
j  engine.render.Renderer.render(Ljava/util/List;Lengine/render/shader/Shader;Lengine/render/model/Camera;Lorg/joml/Vector3f;Lengine/render/lighting/PointLight;Lengine/render/lighting/Sun;)V+493
j  engine.render.Renderer.render(Ljava/util/List;Ljava/lang/String;Lengine/render/model/Camera;Lorg/joml/Vector3f;Lengine/render/lighting/PointLight;Lengine/render/lighting/Sun;)V+53
j  game.CCraft.render(Lengine/Window;)V+102
j  engine.GameEngine.render()V+8
j  engine.GameEngine.gameLoop()V+55
j  engine.GameEngine.run()V+6
j  java.lang.Thread.run()V+11
v  ~StubRoutines::call_stub

---------------  P R O C E S S  ---------------

Java Threads: ( => current thread )
  0x00000000299e4800 JavaThread "DestroyJavaVM" [_thread_blocked, id=52160, stack(0x0000000002e60000,0x0000000002f60000)]
=>0x0000000029aaf000 JavaThread "GAME LOOP THREAD | CCraft" [_thread_in_native, id=42680, stack(0x000000002a4c0000,0x000000002a5c0000)]
  0x0000000027dac000 JavaThread "Service Thread" daemon [_thread_blocked, id=57072, stack(0x0000000029780000,0x0000000029880000)]
  0x0000000027d8f800 JavaThread "C1 CompilerThread3" daemon [_thread_blocked, id=10876, stack(0x0000000029680000,0x0000000029780000)]
  0x0000000027d8b800 JavaThread "C2 CompilerThread2" daemon [_thread_blocked, id=33164, stack(0x0000000029580000,0x0000000029680000)]
  0x0000000027d8a000 JavaThread "C2 CompilerThread1" daemon [_thread_blocked, id=43968, stack(0x0000000029480000,0x0000000029580000)]
  0x0000000027d86000 JavaThread "C2 CompilerThread0" daemon [_thread_blocked, id=24440, stack(0x0000000029380000,0x0000000029480000)]
  0x0000000027d82800 JavaThread "Monitor Ctrl-Break" daemon [_thread_in_native, id=11392, stack(0x0000000029280000,0x0000000029380000)]
  0x0000000027c2b000 JavaThread "Attach Listener" daemon [_thread_blocked, id=20896, stack(0x0000000029180000,0x0000000029280000)]
  0x0000000027c2a000 JavaThread "Signal Dispatcher" daemon [_thread_blocked, id=31360, stack(0x0000000029080000,0x0000000029180000)]
  0x0000000026552800 JavaThread "Finalizer" daemon [_thread_blocked, id=32384, stack(0x0000000028e80000,0x0000000028f80000)]
  0x00000000032ee000 JavaThread "Reference Handler" daemon [_thread_blocked, id=26344, stack(0x0000000028d80000,0x0000000028e80000)]

Other Threads:
  0x0000000027bf2800 VMThread [stack: 0x0000000028c80000,0x0000000028d80000] [id=46152]
  0x0000000027e97800 WatcherThread [stack: 0x0000000029880000,0x0000000029980000] [id=43336]

VM state:not at safepoint (normal execution)

VM Mutex/Monitor currently owned by a thread: None

heap address: 0x00000005c1400000, size: 8172 MB, Compressed Oops mode: Zero based, Oop shift amount: 3
Narrow klass base: 0x0000000000000000, Narrow klass shift: 3
Compressed class space size: 1073741824 Address: 0x00000007c0000000

Heap:
 PSYoungGen      total 153088K, used 46347K [0x0000000715c00000, 0x0000000720680000, 0x00000007c0000000)
  eden space 131584K, 35% used [0x0000000715c00000,0x0000000718942e38,0x000000071dc80000)
  from space 21504K, 0% used [0x000000071f180000,0x000000071f180000,0x0000000720680000)
  to   space 21504K, 0% used [0x000000071dc80000,0x000000071dc80000,0x000000071f180000)
 ParOldGen       total 349696K, used 0K [0x00000005c1400000, 0x00000005d6980000, 0x0000000715c00000)
  object space 349696K, 0% used [0x00000005c1400000,0x00000005c1400000,0x00000005d6980000)
 Metaspace       used 13640K, capacity 13905K, committed 14208K, reserved 1062912K
  class space    used 1027K, capacity 1131K, committed 1152K, reserved 1048576K

Card table byte_map: [0x00000000126b0000,0x00000000136b0000] byte_map_base: 0x000000000f8a6000

Marking Bits: (ParMarkBitMap*) 0x0000000056125ce0
 Begin Bits: [0x0000000014b60000, 0x000000001cb10000)
 End Bits:   [0x000000001cb10000, 0x0000000024ac0000)

Polling page: 0x0000000000fe0000

CodeCache: size=245760Kb used=3531Kb max_used=3531Kb free=242228Kb
 bounds [0x00000000032f0000, 0x0000000003670000, 0x00000000122f0000]
 total_blobs=1841 nmethods=809 adapters=945
 compilation: enabled

Compilation events (10 events):
Event: 1.599 Thread 0x0000000027d86000 nmethod 801 0x000000000365c7d0 code [0x000000000365c900, 0x000000000365ca78]
Event: 1.606 Thread 0x0000000027d8f800  805       1       java.lang.reflect.Field::getName (5 bytes)
Event: 1.606 Thread 0x0000000027d8f800 nmethod 805 0x000000000365a490 code [0x000000000365a5e0, 0x000000000365a6f0]
Event: 1.608 Thread 0x0000000027d8b800 nmethod 795 0x000000000365f990 code [0x000000000365fcc0, 0x0000000003661390]
Event: 1.631 Thread 0x0000000027d8f800  807       3       java.lang.Integer::stringSize (21 bytes)
Event: 1.631 Thread 0x0000000027d8f800 nmethod 807 0x000000000365d290 code [0x000000000365d400, 0x000000000365d610]
Event: 1.631 Thread 0x0000000027d8f800  806       3       java.lang.StringBuffer::<init> (7 bytes)
Event: 1.631 Thread 0x0000000027d8f800 nmethod 806 0x000000000365cd50 code [0x000000000365cec0, 0x000000000365d170]
Event: 1.631 Thread 0x0000000027d8f800  808       3       java.lang.AbstractStringBuilder::append (62 bytes)
Event: 1.631 Thread 0x0000000027d8f800 nmethod 808 0x0000000003662910 code [0x0000000003662b00, 0x0000000003663438]

GC Heap History (0 events):
No events

Deoptimization events (5 events):
Event: 0.526 Thread 0x00000000031f5800 Uncommon trap: reason=unstable_if action=reinterpret pc=0x000000000343e994 method=java.lang.String.lastIndexOf(II)I @ 23
Event: 0.614 Thread 0x0000000029aaf000 Uncommon trap: reason=unstable_if action=reinterpret pc=0x000000000348a7b4 method=java.lang.String.lastIndexOf([CII[CIII)I @ 66
Event: 0.654 Thread 0x0000000029aaf000 Uncommon trap: reason=unstable_if action=reinterpret pc=0x0000000003498324 method=sun.misc.URLClassPath.getLoader(I)Lsun/misc/URLClassPath$Loader; @ 36
Event: 0.654 Thread 0x0000000029aaf000 Uncommon trap: reason=unstable_if action=reinterpret pc=0x000000000349bee4 method=sun.misc.MetaIndex.mayContain(Ljava/lang/String;)Z @ 38
Event: 0.669 Thread 0x0000000029aaf000 Uncommon trap: reason=null_check action=make_not_entrant pc=0x00000000034b8714 method=java.lang.String.equals(Ljava/lang/Object;)Z @ 8

Classes redefined (0 events):
No events

Internal exceptions (10 events):
Event: 0.680 Thread 0x0000000029aaf000 Exception <a 'sun/nio/fs/WindowsException'> (0x0000000717328960) thrown at [C:\re\workspace\8-2-build-windows-amd64-cygwin\jdk8u221\13320\hotspot\src\share\vm\prims\jni.cpp, line 710]
Event: 0.680 Thread 0x0000000029aaf000 Exception <a 'sun/nio/fs/WindowsException'> (0x0000000717328ff0) thrown at [C:\re\workspace\8-2-build-windows-amd64-cygwin\jdk8u221\13320\hotspot\src\share\vm\prims\jni.cpp, line 710]
Event: 0.699 Thread 0x0000000029aaf000 Exception <a 'sun/nio/fs/WindowsException'> (0x000000071743b560) thrown at [C:\re\workspace\8-2-build-windows-amd64-cygwin\jdk8u221\13320\hotspot\src\share\vm\prims\jni.cpp, line 710]
Event: 0.699 Thread 0x0000000029aaf000 Exception <a 'sun/nio/fs/WindowsException'> (0x000000071743bc18) thrown at [C:\re\workspace\8-2-build-windows-amd64-cygwin\jdk8u221\13320\hotspot\src\share\vm\prims\jni.cpp, line 710]
Event: 1.237 Thread 0x0000000029aaf000 Exception <a 'sun/nio/fs/WindowsException'> (0x000000071751f888) thrown at [C:\re\workspace\8-2-build-windows-amd64-cygwin\jdk8u221\13320\hotspot\src\share\vm\prims\jni.cpp, line 710]
Event: 1.237 Thread 0x0000000029aaf000 Exception <a 'sun/nio/fs/WindowsException'> (0x000000071751ffa0) thrown at [C:\re\workspace\8-2-build-windows-amd64-cygwin\jdk8u221\13320\hotspot\src\share\vm\prims\jni.cpp, line 710]
Event: 1.239 Thread 0x0000000029aaf000 Exception <a 'sun/nio/fs/WindowsException'> (0x000000071752a2f0) thrown at [C:\re\workspace\8-2-build-windows-amd64-cygwin\jdk8u221\13320\hotspot\src\share\vm\prims\jni.cpp, line 710]
Event: 1.239 Thread 0x0000000029aaf000 Exception <a 'sun/nio/fs/WindowsException'> (0x000000071752a8c0) thrown at [C:\re\workspace\8-2-build-windows-amd64-cygwin\jdk8u221\13320\hotspot\src\share\vm\prims\jni.cpp, line 710]
Event: 1.584 Thread 0x0000000029aaf000 Exception <a 'sun/nio/fs/WindowsException'> (0x00000007184d2998) thrown at [C:\re\workspace\8-2-build-windows-amd64-cygwin\jdk8u221\13320\hotspot\src\share\vm\prims\jni.cpp, line 710]
Event: 1.584 Thread 0x0000000029aaf000 Exception <a 'sun/nio/fs/WindowsException'> (0x00000007184d3078) thrown at [C:\re\workspace\8-2-build-windows-amd64-cygwin\jdk8u221\13320\hotspot\src\share\vm\prims\jni.cpp, line 710]

Events (10 events):
Event: 1.645 loading class org/joml/Vector2ic
Event: 1.645 loading class org/joml/Vector2ic done
Event: 1.646 loading class org/joml/Quaternionf
Event: 1.646 loading class org/joml/Quaternionf done
Event: 1.646 loading class org/joml/Quaternionfc
Event: 1.646 loading class org/joml/Quaternionfc done
Event: 1.650 loading class org/joml/Math
Event: 1.650 loading class org/joml/Math done
Event: 1.651 loading class org/joml/Runtime
Event: 1.651 loading class org/joml/Runtime done


Dynamic libraries:
0x00007ff60c020000 - 0x00007ff60c057000 	C:\Program Files\Java\jdk1.8.0_221\bin\java.exe
0x00007ffec5fe0000 - 0x00007ffec61d0000 	C:\WINDOWS\SYSTEM32\ntdll.dll
0x00007ffe8f0d0000 - 0x00007ffe8f0e3000 	C:\Program Files (x86)\AVG\Antivirus\aswhook.dll
0x00007ffec45e0000 - 0x00007ffec4692000 	C:\WINDOWS\System32\KERNEL32.DLL
0x00007ffec31e0000 - 0x00007ffec3484000 	C:\WINDOWS\System32\KERNELBASE.dll
0x00007ffec43c0000 - 0x00007ffec4463000 	C:\WINDOWS\System32\ADVAPI32.dll
0x00007ffec4170000 - 0x00007ffec420e000 	C:\WINDOWS\System32\msvcrt.dll
0x00007ffec5370000 - 0x00007ffec5407000 	C:\WINDOWS\System32\sechost.dll
0x00007ffec51e0000 - 0x00007ffec5300000 	C:\WINDOWS\System32\RPCRT4.dll
0x00007ffec4ac0000 - 0x00007ffec4c54000 	C:\WINDOWS\System32\USER32.dll
0x00007ffec3010000 - 0x00007ffec3031000 	C:\WINDOWS\System32\win32u.dll
0x00007ffec4ce0000 - 0x00007ffec4d06000 	C:\WINDOWS\System32\GDI32.dll
0x00007ffec3040000 - 0x00007ffec31d5000 	C:\WINDOWS\System32\gdi32full.dll
0x00007ffec2f70000 - 0x00007ffec300e000 	C:\WINDOWS\System32\msvcp_win.dll
0x00007ffec3d60000 - 0x00007ffec3e5a000 	C:\WINDOWS\System32\ucrtbase.dll
0x00007ffeb1160000 - 0x00007ffeb13e4000 	C:\WINDOWS\WinSxS\amd64_microsoft.windows.common-controls_6595b64144ccf1df_6.0.18362.900_none_e6beb9d913147d17\COMCTL32.dll
0x00007ffec5c60000 - 0x00007ffec5f95000 	C:\WINDOWS\System32\combase.dll
0x00007ffec3e60000 - 0x00007ffec3ee0000 	C:\WINDOWS\System32\bcryptPrimitives.dll
0x00007ffec5bd0000 - 0x00007ffec5bfe000 	C:\WINDOWS\System32\IMM32.DLL
0x00000000561b0000 - 0x0000000056282000 	C:\Program Files\Java\jdk1.8.0_221\jre\bin\msvcr100.dll
0x0000000055900000 - 0x00000000561a5000 	C:\Program Files\Java\jdk1.8.0_221\jre\bin\server\jvm.dll
0x00007ffec4160000 - 0x00007ffec4168000 	C:\WINDOWS\System32\PSAPI.DLL
0x00007ffeb0c80000 - 0x00007ffeb0c89000 	C:\WINDOWS\SYSTEM32\WSOCK32.dll
0x00007ffec5300000 - 0x00007ffec536f000 	C:\WINDOWS\System32\WS2_32.dll
0x00007ffebfb40000 - 0x00007ffebfb64000 	C:\WINDOWS\SYSTEM32\WINMM.dll
0x00007ffebb7f0000 - 0x00007ffebb7fa000 	C:\WINDOWS\SYSTEM32\VERSION.dll
0x00007ffebfb00000 - 0x00007ffebfb2d000 	C:\WINDOWS\SYSTEM32\WINMMBASE.dll
0x00007ffec4020000 - 0x00007ffec406a000 	C:\WINDOWS\System32\cfgmgr32.dll
0x00007ffeb4720000 - 0x00007ffeb472f000 	C:\Program Files\Java\jdk1.8.0_221\jre\bin\verify.dll
0x00007ffe9ee60000 - 0x00007ffe9ee89000 	C:\Program Files\Java\jdk1.8.0_221\jre\bin\java.dll
0x00007ffeb98e0000 - 0x00007ffeb9903000 	C:\Program Files\Java\jdk1.8.0_221\jre\bin\instrument.dll
0x00007ffeb3b00000 - 0x00007ffeb3b16000 	C:\Program Files\Java\jdk1.8.0_221\jre\bin\zip.dll
0x00007ffec5410000 - 0x00007ffec5af6000 	C:\WINDOWS\System32\SHELL32.dll
0x00007ffec4470000 - 0x00007ffec4519000 	C:\WINDOWS\System32\shcore.dll
0x00007ffec3490000 - 0x00007ffec3c10000 	C:\WINDOWS\System32\windows.storage.dll
0x00007ffec2ed0000 - 0x00007ffec2ef3000 	C:\WINDOWS\System32\profapi.dll
0x00007ffec2f00000 - 0x00007ffec2f4a000 	C:\WINDOWS\System32\powrprof.dll
0x00007ffec2ea0000 - 0x00007ffec2eb0000 	C:\WINDOWS\System32\UMPDC.dll
0x00007ffec5c00000 - 0x00007ffec5c52000 	C:\WINDOWS\System32\shlwapi.dll
0x00007ffec2f50000 - 0x00007ffec2f61000 	C:\WINDOWS\System32\kernel.appcore.dll
0x00007ffec4070000 - 0x00007ffec4087000 	C:\WINDOWS\System32\cryptsp.dll
0x00007ffeb8dc0000 - 0x00007ffeb8dda000 	C:\Program Files\JetBrains\IntelliJ IDEA Community Edition 2019.2.3\bin\breakgen64.dll
0x00007ffead2b0000 - 0x00007ffead2ca000 	C:\Program Files\Java\jdk1.8.0_221\jre\bin\net.dll
0x00007ffeb4c00000 - 0x00007ffeb4dd6000 	C:\WINDOWS\SYSTEM32\urlmon.dll
0x00007ffeb7e00000 - 0x00007ffeb80a6000 	C:\WINDOWS\SYSTEM32\iertutil.dll
0x00007ffec28e0000 - 0x00007ffec28ec000 	C:\WINDOWS\SYSTEM32\CRYPTBASE.DLL
0x00007ffec26b0000 - 0x00007ffec2717000 	C:\WINDOWS\system32\mswsock.dll
0x00007ffec2220000 - 0x00007ffec2253000 	C:\WINDOWS\system32\rsaenh.dll
0x00007ffec3f40000 - 0x00007ffec3f66000 	C:\WINDOWS\System32\bcrypt.dll
0x00007ffec2dc0000 - 0x00007ffec2de5000 	C:\WINDOWS\SYSTEM32\USERENV.dll
0x00007ffec23c0000 - 0x00007ffec23fa000 	C:\WINDOWS\SYSTEM32\IPHLPAPI.DLL
0x00007ffec45d0000 - 0x00007ffec45d8000 	C:\WINDOWS\System32\NSI.dll
0x00007ffebcc90000 - 0x00007ffebcca6000 	C:\WINDOWS\SYSTEM32\dhcpcsvc6.DLL
0x00007ffebca10000 - 0x00007ffebca2c000 	C:\WINDOWS\SYSTEM32\dhcpcsvc.DLL
0x00007ffec2400000 - 0x00007ffec24cb000 	C:\WINDOWS\SYSTEM32\DNSAPI.dll
0x00007ffe9f2a0000 - 0x00007ffe9f2b2000 	C:\Program Files\Java\jdk1.8.0_221\jre\bin\nio.dll
0x00007ffe85ac0000 - 0x00007ffe85b24000 	C:\Users\Ori\AppData\Local\Temp\lwjglOri\3.2.3-build-13\lwjgl.dll
0x00007ffe849a0000 - 0x00007ffe84a02000 	C:\Users\Ori\AppData\Local\Temp\lwjglOri\3.2.3-build-13\glfw.dll
0x00007ffec11f0000 - 0x00007ffec1289000 	C:\WINDOWS\system32\uxtheme.dll
0x00007ffe997e0000 - 0x00007ffe99823000 	C:\WINDOWS\SYSTEM32\dinput8.dll
0x00007ffebfb80000 - 0x00007ffebfb91000 	C:\WINDOWS\SYSTEM32\xinput1_4.dll
0x00007ffec2ca0000 - 0x00007ffec2cca000 	C:\WINDOWS\SYSTEM32\DEVOBJ.dll
0x00007ffec1620000 - 0x00007ffec164d000 	C:\WINDOWS\SYSTEM32\dwmapi.dll
0x00007ffeb8480000 - 0x00007ffeb859b000 	C:\WINDOWS\SYSTEM32\inputhost.dll
0x00007ffec0e40000 - 0x00007ffec0f14000 	C:\WINDOWS\SYSTEM32\CoreMessaging.dll
0x00007ffebe0f0000 - 0x00007ffebe41a000 	C:\WINDOWS\SYSTEM32\CoreUIComponents.dll
0x00007ffebf830000 - 0x00007ffebf920000 	C:\WINDOWS\SYSTEM32\PROPSYS.dll
0x00007ffec4090000 - 0x00007ffec4155000 	C:\WINDOWS\System32\OLEAUT32.dll
0x00007ffebe880000 - 0x00007ffebe9d3000 	C:\WINDOWS\SYSTEM32\wintypes.dll
0x00007ffec1ee0000 - 0x00007ffec1f11000 	C:\WINDOWS\SYSTEM32\ntmarta.dll
0x00007ffec4210000 - 0x00007ffec4345000 	C:\WINDOWS\System32\MSCTF.dll
0x00007ffec1a90000 - 0x00007ffec1a9e000 	C:\WINDOWS\SYSTEM32\HID.DLL
0x00007ffec4d70000 - 0x00007ffec51e0000 	C:\WINDOWS\System32\SETUPAPI.DLL
0x00007ffec3ee0000 - 0x00007ffec3f3c000 	C:\WINDOWS\System32\WINTRUST.dll
0x00007ffec2eb0000 - 0x00007ffec2ec2000 	C:\WINDOWS\System32\MSASN1.dll
0x00007ffec3c10000 - 0x00007ffec3d59000 	C:\WINDOWS\System32\CRYPT32.dll
0x00007ffe8e7d0000 - 0x00007ffe8e926000 	C:\WINDOWS\SYSTEM32\opengl32.dll
0x00007ffe9f3d0000 - 0x00007ffe9f3fc000 	C:\WINDOWS\SYSTEM32\GLU32.dll
0x00007ffec1af0000 - 0x00007ffec1b10000 	C:\WINDOWS\SYSTEM32\dxcore.dll
0x00007ffe3d730000 - 0x00007ffe3fe54000 	C:\WINDOWS\System32\DriverStore\FileRepository\nv_dispi.inf_amd64_55e7fb10ab85a7c2\nvoglv64.dll
0x00007ffec4750000 - 0x00007ffec48a7000 	C:\WINDOWS\System32\ole32.dll
0x00007ffebf980000 - 0x00007ffebf993000 	C:\WINDOWS\SYSTEM32\WTSAPI32.dll
0x00007ffe7f390000 - 0x00007ffe7f647000 	C:\WINDOWS\system32\nvspcap64.dll
0x00007ffec2720000 - 0x00007ffec2776000 	C:\WINDOWS\SYSTEM32\WINSTA.dll
0x00007ffeb85a0000 - 0x00007ffeb863e000 	C:\WINDOWS\System32\TextInputFramework.dll
0x00007ffe86af0000 - 0x00007ffe86b49000 	C:\Users\Ori\AppData\Local\Temp\lwjglOri\3.2.3-build-13\lwjgl_opengl.dll
0x00007ffe80ef0000 - 0x00007ffe80f67000 	C:\Users\Ori\AppData\Local\Temp\lwjglOri\3.2.3-build-13\lwjgl_stb.dll
0x00007ffeb9bd0000 - 0x00007ffeb9dc4000 	C:\WINDOWS\SYSTEM32\dbghelp.dll

VM Arguments:
jvm_args: -javaagent:C:\Program Files\JetBrains\IntelliJ IDEA Community Edition 2019.2.3\lib\idea_rt.jar=58859:C:\Program Files\JetBrains\IntelliJ IDEA Community Edition 2019.2.3\bin -Dfile.encoding=UTF-8 
java_command: Main
java_class_path (initial): C:\Program Files\Java\jdk1.8.0_221\jre\lib\charsets.jar;C:\Program Files\Java\jdk1.8.0_221\jre\lib\deploy.jar;C:\Program Files\Java\jdk1.8.0_221\jre\lib\ext\access-bridge-64.jar;C:\Program Files\Java\jdk1.8.0_221\jre\lib\ext\cldrdata.jar;C:\Program Files\Java\jdk1.8.0_221\jre\lib\ext\dnsns.jar;C:\Program Files\Java\jdk1.8.0_221\jre\lib\ext\jaccess.jar;C:\Program Files\Java\jdk1.8.0_221\jre\lib\ext\jfxrt.jar;C:\Program Files\Java\jdk1.8.0_221\jre\lib\ext\localedata.jar;C:\Program Files\Java\jdk1.8.0_221\jre\lib\ext\nashorn.jar;C:\Program Files\Java\jdk1.8.0_221\jre\lib\ext\sunec.jar;C:\Program Files\Java\jdk1.8.0_221\jre\lib\ext\sunjce_provider.jar;C:\Program Files\Java\jdk1.8.0_221\jre\lib\ext\sunmscapi.jar;C:\Program Files\Java\jdk1.8.0_221\jre\lib\ext\sunpkcs11.jar;C:\Program Files\Java\jdk1.8.0_221\jre\lib\ext\zipfs.jar;C:\Program Files\Java\jdk1.8.0_221\jre\lib\javaws.jar;C:\Program Files\Java\jdk1.8.0_221\jre\lib\jce.jar;C:\Program Files\Java\jdk1.8.0_221\jre\lib\jfr.jar;C:\Program Files\Java\jdk1.8.0_221\jre\lib\jfxswt.jar;C:\Program Files\Java\jdk1.8.0_221\jre\lib\jsse.jar;C:\Program Files\Java\jdk1.8.0_221\jre\lib\management-agent.jar;C:\Program Files\Java\jdk1.8.0_221\jre\lib\plugin.jar;C:\Program Files\Java\jdk1.8.0_221\jre\lib\resources.jar;C:\Program Files\Java\jdk1.8.0_221\jre\lib\rt.jar;C:\Users\Ori\Desktop\Development\FinalProject\CCraft\target\classes;C:\Users\Ori\.m2\repository\org\lwjgl\lwjgl\3.2.3\lwjgl-3.2.3.jar;C:\Users\Ori\.m2\repository\org\lwjgl\lwjgl-assimp\3.2.3\lwjgl-assimp-3.2.3.jar;C:\Users\Ori\.m2\repository\org\lwjgl\lwjgl-glfw\3.2.3\lwjgl-glfw-3.2.3.jar;C:\Users\Ori\.m2\repository\org\lwjgl\lwjgl-openal\3.2.3\lwjgl-openal-3.2.3.jar;C:\Users\Ori\.m2\repository\org\lwjgl\lwjgl-opengl\3.2.3\lwjgl-opengl-3.2.3.jar;C:\Users\Ori\.m2\repository\org\lwjgl\lwjgl-stb\3.2.3\lwjgl-stb-3.2.3.jar;C:\Users\Ori\.m2\repository\org\lwjgl\lwjgl\3.2.3\lwjgl-3.2.3-natives-windows.jar;C:\Users\Ori\.m2\repository\org\lwjgl\lwjgl
Launcher Type: SUN_STANDARD

Environment Variables:
JAVA_HOME=C:\Program Files\Java\jdk1.8.0_221
JRE_HOME=C:\Program Files\Java\jre1.8.0_201
USERNAME=Ori
OS=Windows_NT
PROCESSOR_IDENTIFIER=Intel64 Family 6 Model 158 Stepping 10, GenuineIntel



---------------  S Y S T E M  ---------------

OS: Windows 10.0 , 64 bit Build 18362 (10.0.18362.900)

CPU:total 12 (initial active 12) (6 cores per cpu, 2 threads per core) family 6 model 158 stepping 10, cmov, cx8, fxsr, mmx, sse, sse2, sse3, ssse3, sse4.1, sse4.2, popcnt, avx, avx2, aes, clmul, erms, rtm, 3dnowpref, lzcnt, ht, tsc, tscinvbit, bmi1, bmi2, adx

Memory: 4k page, physical 33465704k(19310432k free), swap 38446440k(17634364k free)

vm_info: Java HotSpot(TM) 64-Bit Server VM (25.221-b11) for windows-amd64 JRE (1.8.0_221-b11), built on Jul  4 2019 04:39:29 by "java_re" with MS VC++ 10.0 (VS2010)

time: Sat Jun 13 10:20:50 2020
timezone: West Bank Gaza Daylight Time
elapsed time: 1 seconds (0d 0h 0m 1s)

